<?xml version="1.0" encoding="UTF-8"?>
<testsuite name="LogicTest" tests="1" skipped="0" failures="0" errors="0" timestamp="2021-05-20T14:45:18" hostname="DESKTOP-B1JVSTQ" time="0.001">
  <properties/>
  <testcase name="testOdcitani" classname="LogicTest" time="0.001"/>
  <system-out><![CDATA[]]></system-out>
  <system-err><![CDATA[]]></system-err>
</testsuite>
